DEBUG:root:execute the program
DEBUG:root:execute the program
DEBUG:root:execute the program
DEBUG:root:execute the program
DEBUG:root:execute the program
DEBUG:root:execute the program
DEBUG:root:execute the program
DEBUG:root:execute the program
DEBUG:root:execute the program
INFO:root:2.23606797749979
DEBUG:root:invalid literal for int() with base 10: 'e'
DEBUG:root:execute the program
DEBUG:root:execute the program
INFO:root:2.23606797749979
DEBUG:root:execute the program
DEBUG:root:execute the program
INFO:root:1.0
DEBUG:root:execute the program
DEBUG:root:execute the program
DEBUG:root:invalid literal for int() with base 10: 'w'
DEBUG:root:execute the program
DEBUG:root:execute the program
DEBUG:root:execute the program
DEBUG:root:execute the program
DEBUG:root:execute the program
DEBUG:root:execute the program
DEBUG:root:execute the program
DEBUG:root:execute the program
DEBUG:root:execute the program
DEBUG:root:execute the program
DEBUG:root:execute the program
DEBUG:root:execute the program
DEBUG:root:execute the program
DEBUG:root:execute the program
DEBUG:root:invalid literal for int() with base 10: ''
DEBUG:root:invalid literal for int() with base 10: 'e'
DEBUG:root:execute the program
DEBUG:root:execute the program
DEBUG:root:execute the program
DEBUG:root:execute the program
DEBUG:root:execute the program
DEBUG:root:execute the program
DEBUG:root:invalid literal for int() with base 10: ''
DEBUG:root:execute the program
DEBUG:root:execute the program
DEBUG:root:execute the program
DEBUG:root:execute the program
